my project/source code/RestaurantApp/app/build/outputs/logs/manifest-merger-release-report.txt
-- Merging decision tree log ---
manifest
ADDED from AndroidManifest.xml:2:1
	xmlns:android
		ADDED from AndroidManifest.xml:2:11
	package
		ADDED from AndroidManifest.xml:3:5
		INJECTED from AndroidManifest.xml:0:0
		INJECTED from AndroidManifest.xml:0:0
	android:versionName
		INJECTED from AndroidManifest.xml:0:0
		INJECTED from AndroidManifest.xml:0:0
	android:versionCode
		INJECTED from AndroidManifest.xml:0:0
		INJECTED from AndroidManifest.xml:0:0
uses-permission#android.permission.INTERNET
ADDED from AndroidManifest.xml:6:5
	android:name
		ADDED from AndroidManifest.xml:6:22
uses-permission#android.permission.ACCESS_NETWORK_STATE
ADDED from AndroidManifest.xml:7:5
	android:name
		ADDED from AndroidManifest.xml:7:22
uses-permission#android.permission.RECEIVE_BOOT_COMPLETED
ADDED from AndroidManifest.xml:8:9
	android:name
		ADDED from AndroidManifest.xml:8:26
uses-permission#android.permission.CALL_PHONE
ADDED from AndroidManifest.xml:9:5
	android:name
		ADDED from AndroidManifest.xml:9:22
uses-feature#android.hardware.telephony
ADDED from AndroidManifest.xml:11:5
	android:required
		ADDED from AndroidManifest.xml:12:9
	android:name
		ADDED from AndroidManifest.xml:11:19
supports-screens
ADDED from AndroidManifest.xml:13:5
	android:largeScreens
		ADDED from AndroidManifest.xml:13:23
	android:normalScreens
		ADDED from AndroidManifest.xml:14:9
	android:smallScreens
		ADDED from AndroidManifest.xml:15:9
application
ADDED from AndroidManifest.xml:18:5
MERGED from com.android.support:appcompat-v7:21.0.2:16:5
MERGED from com.android.support:support-v4:21.0.2:16:5
MERGED from com.google.android.gms:play-services:6.5.87:20:5
MERGED from com.android.support:support-v4:21.0.2:16:5
	android:label
		ADDED from AndroidManifest.xml:21:9
	android:allowBackup
		ADDED from AndroidManifest.xml:19:9
	android:icon
		ADDED from AndroidManifest.xml:20:9
	android:theme
		ADDED from AndroidManifest.xml:22:9
activity#myapp.ken.ken.restaurantapp.LunchList
ADDED from AndroidManifest.xml:27:9
	android:label
		ADDED from AndroidManifest.xml:29:13
	android:name
		ADDED from AndroidManifest.xml:28:13
intent-filter#android.intent.action.MAIN+android.intent.category.LAUNCHER
ADDED from AndroidManifest.xml:30:13
action#android.intent.action.MAIN
ADDED from AndroidManifest.xml:31:17
	android:name
		ADDED from AndroidManifest.xml:31:25
category#android.intent.category.LAUNCHER
ADDED from AndroidManifest.xml:33:17
	android:name
		ADDED from AndroidManifest.xml:33:27
activity#myapp.ken.ken.restaurantapp.DetailForm
ADDED from AndroidManifest.xml:38:9
	android:name
		ADDED from AndroidManifest.xml:38:19
activity#myapp.ken.ken.restaurantapp.EditPreferences
ADDED from AndroidManifest.xml:39:9
	android:name
		ADDED from AndroidManifest.xml:39:19
activity#myapp.ken.ken.restaurantapp.AlarmActivity
ADDED from AndroidManifest.xml:40:9
	android:name
		ADDED from AndroidManifest.xml:40:19
activity#myapp.ken.ken.restaurantapp.FeedActivity
ADDED from AndroidManifest.xml:41:9
	android:name
		ADDED from AndroidManifest.xml:41:19
service#myapp.ken.ken.restaurantapp.FeedService
ADDED from AndroidManifest.xml:42:9
	android:name
		ADDED from AndroidManifest.xml:42:18
service#myapp.ken.ken.restaurantapp.WidgetService
ADDED from AndroidManifest.xml:44:9
	android:name
		ADDED from AndroidManifest.xml:44:18
service#myapp.ken.ken.restaurantapp.ListWidgetService
ADDED from AndroidManifest.xml:45:9
	android:permission
		ADDED from AndroidManifest.xml:46:13
	android:name
		ADDED from AndroidManifest.xml:45:18
receiver#myapp.ken.ken.restaurantapp.OnBootReceiver
ADDED from AndroidManifest.xml:48:9
	android:enabled
		ADDED from AndroidManifest.xml:48:19
	android:name
		ADDED from AndroidManifest.xml:49:13
intent-filter#android.intent.action.BOOT_COMPLETED
ADDED from AndroidManifest.xml:50:13
action#android.intent.action.BOOT_COMPLETED
ADDED from AndroidManifest.xml:51:17
	android:name
		ADDED from AndroidManifest.xml:51:25
receiver#myapp.ken.ken.restaurantapp.OnAlarmReceiver
ADDED from AndroidManifest.xml:54:9
	android:name
		ADDED from AndroidManifest.xml:54:19
receiver#myapp.ken.ken.restaurantapp.AppWidget
ADDED from AndroidManifest.xml:55:9
	android:label
		ADDED from AndroidManifest.xml:56:13
	android:icon
		ADDED from AndroidManifest.xml:55:19
	android:name
		ADDED from AndroidManifest.xml:57:13
intent-filter#android.appwidget.action.APPWIDGET_UPDATE
ADDED from AndroidManifest.xml:58:13
action#android.appwidget.action.APPWIDGET_UPDATE
ADDED from AndroidManifest.xml:59:17
	android:name
		ADDED from AndroidManifest.xml:59:25
meta-data#android.appwidget.provider
ADDED from AndroidManifest.xml:61:13
	android:resource
		ADDED from AndroidManifest.xml:62:17
	android:name
		ADDED from AndroidManifest.xml:61:24
uses-sdk
INJECTED from AndroidManifest.xml:0:0 reason: use-sdk injection requested
MERGED from com.android.support:appcompat-v7:21.0.2:15:5
MERGED from com.android.support:support-v4:21.0.2:15:5
MERGED from com.google.android.gms:play-services:6.5.87:18:5
MERGED from com.android.support:support-v4:21.0.2:15:5
	android:targetSdkVersion
		INJECTED from AndroidManifest.xml:0:0
		INJECTED from AndroidManifest.xml:0:0
	android:minSdkVersion
		INJECTED from AndroidManifest.xml:0:0
		INJECTED from AndroidManifest.xml:0:0
meta-data#com.google.android.gms.version
ADDED from com.google.android.gms:play-services:6.5.87:21:9
	android:name
		ADDED from com.google.android.gms:play-services:6.5.87:22:13
	android:value
		ADDED from com.google.android.gms:play-services:6.5.87:23:13